<?xml version="1.0" encoding="UTF-8"?>
<!-- Generated by org.testng.reporters.JUnitReportReporter -->
<testsuite skipped="0" hostname="DESKTOP-RK7A61D" name="dcjobs1.Class1" tests="1" failures="0" timestamp="2022-12-11T15:16:56 IST" time="0.018" errors="0">
  <testcase name="t1" time="0.018" classname="dcjobs1.Class1"/>
  <system-out/>
</testsuite> <!-- dcjobs1.Class1 -->
